<?xml version="1.0" encoding="UTF-8"?>
<!-- Generated by org.testng.reporters.JUnitReportReporter -->
<testsuite skipped="0" hostname="DESKTOP-BF7E238" name="com.tests.LoginTest" tests="2" failures="0" timestamp="27 Feb 2022 02:51:35 GMT" time="14.406" errors="0">
  <testcase name="loginTest" time="7.870" classname="com.tests.LoginTest"/>
  <testcase name="verifyHeader" time="6.536" classname="com.tests.LoginTest"/>
</testsuite> <!-- com.tests.LoginTest -->
